2016-12-11 16:29:34.7047 ERROR The file '/Users.aspx' does not exist.
2016-12-11 16:30:01.7141 ERROR Exception of type 'System.Web.HttpUnhandledException' was thrown.
2016-12-11 16:30:01.7141 ERROR A field with the name 'Code' was not found on the selected data source.
2016-12-11 16:30:01.7141 ERROR 
2016-12-11 16:30:01.7343 ERROR    at DevExpress.Web.Internal.DataUtils.GetFieldValue(Object obj, String fieldName, Boolean isFieldRequired, Boolean designMode, DefaultValueContainer defaultValue, Boolean& fieldFound)
   at DevExpress.Web.Internal.EditDataHelper.GetDataItemValue(Object dataItem, String actualValueFieldName, String valueFieldName, String textFieldName, Boolean designMode)
   at DevExpress.Web.Internal.EditDataHelper.DataBindItems(IEnumerable data, String valueFieldName, String textFieldName, String imageUrlFieldName)
   at DevExpress.Web.Internal.EditDataHelper.PerformDataBinding(IEnumerable data, String valueField, String textField, String imageUrlField, Boolean isMultiColumn)
   at DevExpress.Web.ASPxAutoCompleteBoxBase.PerformDataBindingCore(String dataHelperName, IEnumerable data)
   at DevExpress.Web.ASPxAutoCompleteBoxBase.PerformDataBinding(String dataHelperName, IEnumerable data)
   at DevExpress.Web.Internal.DataHelper.PerformDataBinding(IEnumerable data)
   at DevExpress.Web.Internal.DataHelper.OnDataSourceViewSelectCallback(IEnumerable data)
   at System.Web.UI.DataSourceView.Select(DataSourceSelectArguments arguments, DataSourceViewSelectCallback callback)
   at DevExpress.Web.Internal.DataHelper.PerformSelect()
   at DevExpress.Web.Internal.DataContainer.PerformSelect()
   at DevExpress.Web.ASPxDataWebControlBase.DataBindCore()
   at DevExpress.Web.ASPxDataWebControlBase.DataBindInternal()
   at DevExpress.Web.ASPxWebControl.DataBind()
   at DevExpress.Web.ASPxComboBox.DataBind()
   at DevExpress.Web.EditPropertiesBase.CheckInplaceBound(Type dataType, Control parent, Boolean designMode)
   at DevExpress.Web.ComboBoxProperties.GetDisplayTextCore(CreateDisplayControlArgs args, Boolean encode)
   at DevExpress.Web.EditPropertiesBase.GetDisplayText(CreateDisplayControlArgs args, Boolean encode)
   at DevExpress.Web.Internal.ListEditPropertiesHelper.CreateDisplayControlInstance(CreateDisplayControlArgs args, Object convertedValue, ImageProperties itemImage, Unit displayImageSpacing)
   at DevExpress.Web.ComboBoxProperties.CreateDisplayControlInstance(CreateDisplayControlArgs args)
   at DevExpress.Web.EditPropertiesBase.CreateDisplayControl(CreateDisplayControlArgs args)
   at DevExpress.Web.Rendering.ASPxGridViewRenderHelper.CreateDataCellDisplayControl(GridViewDataColumn column, Int32 visibleIndex, IValueProvider row)
   at DevExpress.Web.Rendering.ASPxGridViewRenderHelper.AddDisplayControlToDataCell(Control cell, GridViewDataColumn column, Int32 visibleIndex, IValueProvider row)
   at DevExpress.Web.Rendering.GridViewTableDataCell.CreateControlHierarchy()
   at DevExpress.Web.Internal.InternalTableCell.CreateChildControls()
   at System.Web.UI.Control.EnsureChildControls()
   at DevExpress.Web.Internal.InternalTableCell.DevExpress.Web.Internal.IASPxWebControl.EnsureChildControls()
   at DevExpress.Web.Internal.RenderUtils.EnsureChildControlsRecursive(Control control, Predicate`1 skipControlCondition)
   at DevExpress.Web.Internal.RenderUtils.EnsureChildControlsRecursive(Control control, Predicate`1 skipControlCondition)
   at DevExpress.Web.Internal.RenderUtils.EnsureChildControlsRecursive(Control control, Predicate`1 skipControlCondition)
   at DevExpress.Web.Internal.RenderUtils.EnsureChildControlsRecursive(Control control, Predicate`1 skipControlCondition)
   at DevExpress.Web.Internal.RenderUtils.EnsureChildControlsRecursive(Control control, Boolean skipContentContainers)
   at DevExpress.Web.ASPxWebControlBase.EnsureChildControlsRecursive(Control control, Boolean skipContentContainers)
   at DevExpress.Web.ASPxWebControlBase.EnsureChildControlsRecursive(Control control)
   at DevExpress.Web.ASPxWebControlBase.CreateChildControls()
   at System.Web.UI.Control.EnsureChildControls()
   at DevExpress.Web.ASPxWebControlBase.EnsureChildControls()
   at DevExpress.Web.ASPxWebControlBase.DevExpress.Web.Internal.IASPxWebControl.EnsureChildControls()
   at DevExpress.Web.Internal.RenderUtils.EnsureChildControlsRecursive(Control control, Predicate`1 skipControlCondition)
   at DevExpress.Web.Internal.RenderUtils.EnsureChildControlsRecursive(Control control, Predicate`1 skipControlCondition)
   at DevExpress.Web.Internal.RenderUtils.EnsureChildControlsRecursive(Control control, Predicate`1 skipControlCondition)
   at DevExpress.Web.Internal.RenderUtils.EnsureChildControlsRecursive(Control control, Predicate`1 skipControlCondition)
   at DevExpress.Web.Internal.RenderUtils.EnsureChildControlsRecursive(Control control, Predicate`1 skipControlCondition)
   at DevExpress.Web.Internal.RenderUtils.EnsureChildControlsRecursive(Control control, Boolean skipContentContainers)
   at DevExpress.Web.ASPxWebControlBase.EnsureChildControlsRecursive(Control control, Boolean skipContentContainers)
   at DevExpress.Web.ASPxWebControlBase.EnsureChildControlsRecursive(Control control)
   at DevExpress.Web.ASPxWebControlBase.CreateChildControls()
   at DevExpress.Web.ASPxWebControl.CreateChildControls()
   at System.Web.UI.Control.EnsureChildControls()
   at DevExpress.Web.ASPxWebControlBase.EnsureChildControls()
   at DevExpress.Web.ASPxDataWebControlBase.DataBindInternal()
   at DevExpress.Web.ASPxWebControl.DataBind()
   at DevExpress.Web.ASPxGridView.DataBind()
   at DevExpress.Web.Internal.DataHelperBase.EnsureDataBound(Boolean ensureChildControls)
   at DevExpress.Web.Internal.DataContainer.EnsureDataBound()
   at DevExpress.Web.ASPxDataWebControlBase.OnPreRender(EventArgs e)
   at System.Web.UI.Control.PreRenderRecursiveInternal()
   at System.Web.UI.Control.PreRenderRecursiveInternal()
   at System.Web.UI.Control.PreRenderRecursiveInternal()
   at System.Web.UI.Control.PreRenderRecursiveInternal()
   at System.Web.UI.Control.PreRenderRecursiveInternal()
   at System.Web.UI.Control.PreRenderRecursiveInternal()
   at System.Web.UI.Control.PreRenderRecursiveInternal()
   at System.Web.UI.Control.PreRenderRecursiveInternal()
   at System.Web.UI.Control.PreRenderRecursiveInternal()
   at System.Web.UI.Control.PreRenderRecursiveInternal()
   at System.Web.UI.Control.PreRenderRecursiveInternal()
   at System.Web.UI.Control.PreRenderRecursiveInternal()
   at System.Web.UI.Control.PreRenderRecursiveInternal()
   at System.Web.UI.Control.PreRenderRecursiveInternal()
   at System.Web.UI.Control.PreRenderRecursiveInternal()
   at System.Web.UI.Control.PreRenderRecursiveInternal()
   at System.Web.UI.Control.PreRenderRecursiveInternal()
   at System.Web.UI.Control.PreRenderRecursiveInternal()
   at System.Web.UI.Page.ProcessRequestMain(Boolean includeStagesBeforeAsyncPoint, Boolean includeStagesAfterAsyncPoint)
2016-12-11 16:30:01.7521 ERROR    at System.Web.UI.Page.HandleError(Exception e)
   at System.Web.UI.Page.ProcessRequestMain(Boolean includeStagesBeforeAsyncPoint, Boolean includeStagesAfterAsyncPoint)
   at System.Web.UI.Page.ProcessRequest(Boolean includeStagesBeforeAsyncPoint, Boolean includeStagesAfterAsyncPoint)
   at System.Web.UI.Page.ProcessRequest()
   at System.Web.UI.Page.ProcessRequestWithNoAssert(HttpContext context)
   at System.Web.UI.Page.ProcessRequest(HttpContext context)
   at ASP.admin_users_aspx.ProcessRequest(HttpContext context) in c:\Users\agus\AppData\Local\Temp\Temporary ASP.NET Files\root\0f55e15c\cfe25812\App_Web_dthezgsr.4.cs:line 0
   at System.Web.HttpApplication.CallHandlerExecutionStep.System.Web.HttpApplication.IExecutionStep.Execute()
   at System.Web.HttpApplication.ExecuteStep(IExecutionStep step, Boolean& completedSynchronously)
2016-12-11 16:30:01.7521 ERROR Unhandled Exception has occurs System.Web.HttpUnhandledException (0x80004005): Exception of type 'System.Web.HttpUnhandledException' was thrown. ---> System.Web.HttpException (0x80004005): A field with the name 'Code' was not found on the selected data source.
   at DevExpress.Web.Internal.DataUtils.GetFieldValue(Object obj, String fieldName, Boolean isFieldRequired, Boolean designMode, DefaultValueContainer defaultValue, Boolean& fieldFound)
   at DevExpress.Web.Internal.EditDataHelper.GetDataItemValue(Object dataItem, String actualValueFieldName, String valueFieldName, String textFieldName, Boolean designMode)
   at DevExpress.Web.Internal.EditDataHelper.DataBindItems(IEnumerable data, String valueFieldName, String textFieldName, String imageUrlFieldName)
   at DevExpress.Web.Internal.EditDataHelper.PerformDataBinding(IEnumerable data, String valueField, String textField, String imageUrlField, Boolean isMultiColumn)
   at DevExpress.Web.ASPxAutoCompleteBoxBase.PerformDataBindingCore(String dataHelperName, IEnumerable data)
   at DevExpress.Web.ASPxAutoCompleteBoxBase.PerformDataBinding(String dataHelperName, IEnumerable data)
   at DevExpress.Web.Internal.DataHelper.PerformDataBinding(IEnumerable data)
   at DevExpress.Web.Internal.DataHelper.OnDataSourceViewSelectCallback(IEnumerable data)
   at System.Web.UI.DataSourceView.Select(DataSourceSelectArguments arguments, DataSourceViewSelectCallback callback)
   at DevExpress.Web.Internal.DataHelper.PerformSelect()
   at DevExpress.Web.Internal.DataContainer.PerformSelect()
   at DevExpress.Web.ASPxDataWebControlBase.DataBindCore()
   at DevExpress.Web.ASPxDataWebControlBase.DataBindInternal()
   at DevExpress.Web.ASPxWebControl.DataBind()
   at DevExpress.Web.ASPxComboBox.DataBind()
   at DevExpress.Web.EditPropertiesBase.CheckInplaceBound(Type dataType, Control parent, Boolean designMode)
   at DevExpress.Web.ComboBoxProperties.GetDisplayTextCore(CreateDisplayControlArgs args, Boolean encode)
   at DevExpress.Web.EditPropertiesBase.GetDisplayText(CreateDisplayControlArgs args, Boolean encode)
   at DevExpress.Web.Internal.ListEditPropertiesHelper.CreateDisplayControlInstance(CreateDisplayControlArgs args, Object convertedValue, ImageProperties itemImage, Unit displayImageSpacing)
   at DevExpress.Web.ComboBoxProperties.CreateDisplayControlInstance(CreateDisplayControlArgs args)
   at DevExpress.Web.EditPropertiesBase.CreateDisplayControl(CreateDisplayControlArgs args)
   at DevExpress.Web.Rendering.ASPxGridViewRenderHelper.CreateDataCellDisplayControl(GridViewDataColumn column, Int32 visibleIndex, IValueProvider row)
   at DevExpress.Web.Rendering.ASPxGridViewRenderHelper.AddDisplayControlToDataCell(Control cell, GridViewDataColumn column, Int32 visibleIndex, IValueProvider row)
   at DevExpress.Web.Rendering.GridViewTableDataCell.CreateControlHierarchy()
   at DevExpress.Web.Internal.InternalTableCell.CreateChildControls()
   at System.Web.UI.Control.EnsureChildControls()
   at DevExpress.Web.Internal.InternalTableCell.DevExpress.Web.Internal.IASPxWebControl.EnsureChildControls()
   at DevExpress.Web.Internal.RenderUtils.EnsureChildControlsRecursive(Control control, Predicate`1 skipControlCondition)
   at DevExpress.Web.Internal.RenderUtils.EnsureChildControlsRecursive(Control control, Predicate`1 skipControlCondition)
   at DevExpress.Web.Internal.RenderUtils.EnsureChildControlsRecursive(Control control, Predicate`1 skipControlCondition)
   at DevExpress.Web.Internal.RenderUtils.EnsureChildControlsRecursive(Control control, Predicate`1 skipControlCondition)
   at DevExpress.Web.Internal.RenderUtils.EnsureChildControlsRecursive(Control control, Boolean skipContentContainers)
   at DevExpress.Web.ASPxWebControlBase.EnsureChildControlsRecursive(Control control, Boolean skipContentContainers)
   at DevExpress.Web.ASPxWebControlBase.EnsureChildControlsRecursive(Control control)
   at DevExpress.Web.ASPxWebControlBase.CreateChildControls()
   at System.Web.UI.Control.EnsureChildControls()
   at DevExpress.Web.ASPxWebControlBase.EnsureChildControls()
   at DevExpress.Web.ASPxWebControlBase.DevExpress.Web.Internal.IASPxWebControl.EnsureChildControls()
   at DevExpress.Web.Internal.RenderUtils.EnsureChildControlsRecursive(Control control, Predicate`1 skipControlCondition)
   at DevExpress.Web.Internal.RenderUtils.EnsureChildControlsRecursive(Control control, Predicate`1 skipControlCondition)
   at DevExpress.Web.Internal.RenderUtils.EnsureChildControlsRecursive(Control control, Predicate`1 skipControlCondition)
   at DevExpress.Web.Internal.RenderUtils.EnsureChildControlsRecursive(Control control, Predicate`1 skipControlCondition)
   at DevExpress.Web.Internal.RenderUtils.EnsureChildControlsRecursive(Control control, Predicate`1 skipControlCondition)
   at DevExpress.Web.Internal.RenderUtils.EnsureChildControlsRecursive(Control control, Boolean skipContentContainers)
   at DevExpress.Web.ASPxWebControlBase.EnsureChildControlsRecursive(Control control, Boolean skipContentContainers)
   at DevExpress.Web.ASPxWebControlBase.EnsureChildControlsRecursive(Control control)
   at DevExpress.Web.ASPxWebControlBase.CreateChildControls()
   at DevExpress.Web.ASPxWebControl.CreateChildControls()
   at System.Web.UI.Control.EnsureChildControls()
   at DevExpress.Web.ASPxWebControlBase.EnsureChildControls()
   at DevExpress.Web.ASPxDataWebControlBase.DataBindInternal()
   at DevExpress.Web.ASPxWebControl.DataBind()
   at DevExpress.Web.ASPxGridView.DataBind()
   at DevExpress.Web.Internal.DataHelperBase.EnsureDataBound(Boolean ensureChildControls)
   at DevExpress.Web.Internal.DataContainer.EnsureDataBound()
   at DevExpress.Web.ASPxDataWebControlBase.OnPreRender(EventArgs e)
   at System.Web.UI.Control.PreRenderRecursiveInternal()
   at System.Web.UI.Control.PreRenderRecursiveInternal()
   at System.Web.UI.Control.PreRenderRecursiveInternal()
   at System.Web.UI.Control.PreRenderRecursiveInternal()
   at System.Web.UI.Control.PreRenderRecursiveInternal()
   at System.Web.UI.Control.PreRenderRecursiveInternal()
   at System.Web.UI.Control.PreRenderRecursiveInternal()
   at System.Web.UI.Control.PreRenderRecursiveInternal()
   at System.Web.UI.Control.PreRenderRecursiveInternal()
   at System.Web.UI.Control.PreRenderRecursiveInternal()
   at System.Web.UI.Control.PreRenderRecursiveInternal()
   at System.Web.UI.Control.PreRenderRecursiveInternal()
   at System.Web.UI.Control.PreRenderRecursiveInternal()
   at System.Web.UI.Control.PreRenderRecursiveInternal()
   at System.Web.UI.Control.PreRenderRecursiveInternal()
   at System.Web.UI.Control.PreRenderRecursiveInternal()
   at System.Web.UI.Control.PreRenderRecursiveInternal()
   at System.Web.UI.Control.PreRenderRecursiveInternal()
   at System.Web.UI.Page.ProcessRequestMain(Boolean includeStagesBeforeAsyncPoint, Boolean includeStagesAfterAsyncPoint)
   at System.Web.UI.Page.HandleError(Exception e)
   at System.Web.UI.Page.ProcessRequestMain(Boolean includeStagesBeforeAsyncPoint, Boolean includeStagesAfterAsyncPoint)
   at System.Web.UI.Page.ProcessRequest(Boolean includeStagesBeforeAsyncPoint, Boolean includeStagesAfterAsyncPoint)
   at System.Web.UI.Page.ProcessRequest()
   at System.Web.UI.Page.ProcessRequestWithNoAssert(HttpContext context)
   at System.Web.UI.Page.ProcessRequest(HttpContext context)
   at ASP.admin_users_aspx.ProcessRequest(HttpContext context) in c:\Users\agus\AppData\Local\Temp\Temporary ASP.NET Files\root\0f55e15c\cfe25812\App_Web_dthezgsr.4.cs:line 0
   at System.Web.HttpApplication.CallHandlerExecutionStep.System.Web.HttpApplication.IExecutionStep.Execute()
   at System.Web.HttpApplication.ExecuteStep(IExecutionStep step, Boolean& completedSynchronously)
2016-12-11 16:31:32.3897 ERROR Exception of type 'System.Web.HttpUnhandledException' was thrown.
2016-12-11 16:31:32.4105 ERROR A field with the name 'Code' was not found on the selected data source.
2016-12-11 16:31:32.4197 ERROR 
2016-12-11 16:31:32.4197 ERROR    at DevExpress.Web.Internal.DataUtils.GetFieldValue(Object obj, String fieldName, Boolean isFieldRequired, Boolean designMode, DefaultValueContainer defaultValue, Boolean& fieldFound)
   at DevExpress.Web.Internal.EditDataHelper.GetDataItemValue(Object dataItem, String actualValueFieldName, String valueFieldName, String textFieldName, Boolean designMode)
   at DevExpress.Web.Internal.EditDataHelper.DataBindItems(IEnumerable data, String valueFieldName, String textFieldName, String imageUrlFieldName)
   at DevExpress.Web.Internal.EditDataHelper.PerformDataBinding(IEnumerable data, String valueField, String textField, String imageUrlField, Boolean isMultiColumn)
   at DevExpress.Web.ASPxAutoCompleteBoxBase.PerformDataBindingCore(String dataHelperName, IEnumerable data)
   at DevExpress.Web.ASPxAutoCompleteBoxBase.PerformDataBinding(String dataHelperName, IEnumerable data)
   at DevExpress.Web.Internal.DataHelper.PerformDataBinding(IEnumerable data)
   at DevExpress.Web.Internal.DataHelper.OnDataSourceViewSelectCallback(IEnumerable data)
   at System.Web.UI.DataSourceView.Select(DataSourceSelectArguments arguments, DataSourceViewSelectCallback callback)
   at DevExpress.Web.Internal.DataHelper.PerformSelect()
   at DevExpress.Web.Internal.DataContainer.PerformSelect()
   at DevExpress.Web.ASPxDataWebControlBase.DataBindCore()
   at DevExpress.Web.ASPxDataWebControlBase.DataBindInternal()
   at DevExpress.Web.ASPxWebControl.DataBind()
   at DevExpress.Web.ASPxComboBox.DataBind()
   at DevExpress.Web.EditPropertiesBase.CheckInplaceBound(Type dataType, Control parent, Boolean designMode)
   at DevExpress.Web.ComboBoxProperties.GetDisplayTextCore(CreateDisplayControlArgs args, Boolean encode)
   at DevExpress.Web.EditPropertiesBase.GetDisplayText(CreateDisplayControlArgs args, Boolean encode)
   at DevExpress.Web.Internal.ListEditPropertiesHelper.CreateDisplayControlInstance(CreateDisplayControlArgs args, Object convertedValue, ImageProperties itemImage, Unit displayImageSpacing)
   at DevExpress.Web.ComboBoxProperties.CreateDisplayControlInstance(CreateDisplayControlArgs args)
   at DevExpress.Web.EditPropertiesBase.CreateDisplayControl(CreateDisplayControlArgs args)
   at DevExpress.Web.Rendering.ASPxGridViewRenderHelper.CreateDataCellDisplayControl(GridViewDataColumn column, Int32 visibleIndex, IValueProvider row)
   at DevExpress.Web.Rendering.ASPxGridViewRenderHelper.AddDisplayControlToDataCell(Control cell, GridViewDataColumn column, Int32 visibleIndex, IValueProvider row)
   at DevExpress.Web.Rendering.GridViewTableDataCell.CreateControlHierarchy()
   at DevExpress.Web.Internal.InternalTableCell.CreateChildControls()
   at System.Web.UI.Control.EnsureChildControls()
   at DevExpress.Web.Internal.InternalTableCell.DevExpress.Web.Internal.IASPxWebControl.EnsureChildControls()
   at DevExpress.Web.Internal.RenderUtils.EnsureChildControlsRecursive(Control control, Predicate`1 skipControlCondition)
   at DevExpress.Web.Internal.RenderUtils.EnsureChildControlsRecursive(Control control, Predicate`1 skipControlCondition)
   at DevExpress.Web.Internal.RenderUtils.EnsureChildControlsRecursive(Control control, Predicate`1 skipControlCondition)
   at DevExpress.Web.Internal.RenderUtils.EnsureChildControlsRecursive(Control control, Predicate`1 skipControlCondition)
   at DevExpress.Web.Internal.RenderUtils.EnsureChildControlsRecursive(Control control, Boolean skipContentContainers)
   at DevExpress.Web.ASPxWebControlBase.EnsureChildControlsRecursive(Control control, Boolean skipContentContainers)
   at DevExpress.Web.ASPxWebControlBase.EnsureChildControlsRecursive(Control control)
   at DevExpress.Web.ASPxWebControlBase.CreateChildControls()
   at System.Web.UI.Control.EnsureChildControls()
   at DevExpress.Web.ASPxWebControlBase.EnsureChildControls()
   at DevExpress.Web.ASPxWebControlBase.DevExpress.Web.Internal.IASPxWebControl.EnsureChildControls()
   at DevExpress.Web.Internal.RenderUtils.EnsureChildControlsRecursive(Control control, Predicate`1 skipControlCondition)
   at DevExpress.Web.Internal.RenderUtils.EnsureChildControlsRecursive(Control control, Predicate`1 skipControlCondition)
   at DevExpress.Web.Internal.RenderUtils.EnsureChildControlsRecursive(Control control, Predicate`1 skipControlCondition)
   at DevExpress.Web.Internal.RenderUtils.EnsureChildControlsRecursive(Control control, Predicate`1 skipControlCondition)
   at DevExpress.Web.Internal.RenderUtils.EnsureChildControlsRecursive(Control control, Predicate`1 skipControlCondition)
   at DevExpress.Web.Internal.RenderUtils.EnsureChildControlsRecursive(Control control, Boolean skipContentContainers)
   at DevExpress.Web.ASPxWebControlBase.EnsureChildControlsRecursive(Control control, Boolean skipContentContainers)
   at DevExpress.Web.ASPxWebControlBase.EnsureChildControlsRecursive(Control control)
   at DevExpress.Web.ASPxWebControlBase.CreateChildControls()
   at DevExpress.Web.ASPxWebControl.CreateChildControls()
   at System.Web.UI.Control.EnsureChildControls()
   at DevExpress.Web.ASPxWebControlBase.EnsureChildControls()
   at DevExpress.Web.ASPxDataWebControlBase.DataBindInternal()
   at DevExpress.Web.ASPxWebControl.DataBind()
   at DevExpress.Web.ASPxGridView.DataBind()
   at DevExpress.Web.Internal.DataHelperBase.EnsureDataBound(Boolean ensureChildControls)
   at DevExpress.Web.Internal.DataContainer.EnsureDataBound()
   at DevExpress.Web.ASPxDataWebControlBase.OnPreRender(EventArgs e)
   at System.Web.UI.Control.PreRenderRecursiveInternal()
   at System.Web.UI.Control.PreRenderRecursiveInternal()
   at System.Web.UI.Control.PreRenderRecursiveInternal()
   at System.Web.UI.Control.PreRenderRecursiveInternal()
   at System.Web.UI.Control.PreRenderRecursiveInternal()
   at System.Web.UI.Control.PreRenderRecursiveInternal()
   at System.Web.UI.Control.PreRenderRecursiveInternal()
   at System.Web.UI.Control.PreRenderRecursiveInternal()
   at System.Web.UI.Control.PreRenderRecursiveInternal()
   at System.Web.UI.Control.PreRenderRecursiveInternal()
   at System.Web.UI.Control.PreRenderRecursiveInternal()
   at System.Web.UI.Control.PreRenderRecursiveInternal()
   at System.Web.UI.Control.PreRenderRecursiveInternal()
   at System.Web.UI.Control.PreRenderRecursiveInternal()
   at System.Web.UI.Control.PreRenderRecursiveInternal()
   at System.Web.UI.Control.PreRenderRecursiveInternal()
   at System.Web.UI.Control.PreRenderRecursiveInternal()
   at System.Web.UI.Control.PreRenderRecursiveInternal()
   at System.Web.UI.Page.ProcessRequestMain(Boolean includeStagesBeforeAsyncPoint, Boolean includeStagesAfterAsyncPoint)
2016-12-11 16:31:32.4369 ERROR    at System.Web.UI.Page.HandleError(Exception e)
   at System.Web.UI.Page.ProcessRequestMain(Boolean includeStagesBeforeAsyncPoint, Boolean includeStagesAfterAsyncPoint)
   at System.Web.UI.Page.ProcessRequest(Boolean includeStagesBeforeAsyncPoint, Boolean includeStagesAfterAsyncPoint)
   at System.Web.UI.Page.ProcessRequest()
   at System.Web.UI.Page.ProcessRequestWithNoAssert(HttpContext context)
   at System.Web.UI.Page.ProcessRequest(HttpContext context)
   at ASP.admin_users_aspx.ProcessRequest(HttpContext context) in c:\Users\agus\AppData\Local\Temp\Temporary ASP.NET Files\root\0f55e15c\cfe25812\App_Web_dthezgsr.4.cs:line 0
   at System.Web.HttpApplication.CallHandlerExecutionStep.System.Web.HttpApplication.IExecutionStep.Execute()
   at System.Web.HttpApplication.ExecuteStep(IExecutionStep step, Boolean& completedSynchronously)
2016-12-11 16:31:32.4369 ERROR Unhandled Exception has occurs System.Web.HttpUnhandledException (0x80004005): Exception of type 'System.Web.HttpUnhandledException' was thrown. ---> System.Web.HttpException (0x80004005): A field with the name 'Code' was not found on the selected data source.
   at DevExpress.Web.Internal.DataUtils.GetFieldValue(Object obj, String fieldName, Boolean isFieldRequired, Boolean designMode, DefaultValueContainer defaultValue, Boolean& fieldFound)
   at DevExpress.Web.Internal.EditDataHelper.GetDataItemValue(Object dataItem, String actualValueFieldName, String valueFieldName, String textFieldName, Boolean designMode)
   at DevExpress.Web.Internal.EditDataHelper.DataBindItems(IEnumerable data, String valueFieldName, String textFieldName, String imageUrlFieldName)
   at DevExpress.Web.Internal.EditDataHelper.PerformDataBinding(IEnumerable data, String valueField, String textField, String imageUrlField, Boolean isMultiColumn)
   at DevExpress.Web.ASPxAutoCompleteBoxBase.PerformDataBindingCore(String dataHelperName, IEnumerable data)
   at DevExpress.Web.ASPxAutoCompleteBoxBase.PerformDataBinding(String dataHelperName, IEnumerable data)
   at DevExpress.Web.Internal.DataHelper.PerformDataBinding(IEnumerable data)
   at DevExpress.Web.Internal.DataHelper.OnDataSourceViewSelectCallback(IEnumerable data)
   at System.Web.UI.DataSourceView.Select(DataSourceSelectArguments arguments, DataSourceViewSelectCallback callback)
   at DevExpress.Web.Internal.DataHelper.PerformSelect()
   at DevExpress.Web.Internal.DataContainer.PerformSelect()
   at DevExpress.Web.ASPxDataWebControlBase.DataBindCore()
   at DevExpress.Web.ASPxDataWebControlBase.DataBindInternal()
   at DevExpress.Web.ASPxWebControl.DataBind()
   at DevExpress.Web.ASPxComboBox.DataBind()
   at DevExpress.Web.EditPropertiesBase.CheckInplaceBound(Type dataType, Control parent, Boolean designMode)
   at DevExpress.Web.ComboBoxProperties.GetDisplayTextCore(CreateDisplayControlArgs args, Boolean encode)
   at DevExpress.Web.EditPropertiesBase.GetDisplayText(CreateDisplayControlArgs args, Boolean encode)
   at DevExpress.Web.Internal.ListEditPropertiesHelper.CreateDisplayControlInstance(CreateDisplayControlArgs args, Object convertedValue, ImageProperties itemImage, Unit displayImageSpacing)
   at DevExpress.Web.ComboBoxProperties.CreateDisplayControlInstance(CreateDisplayControlArgs args)
   at DevExpress.Web.EditPropertiesBase.CreateDisplayControl(CreateDisplayControlArgs args)
   at DevExpress.Web.Rendering.ASPxGridViewRenderHelper.CreateDataCellDisplayControl(GridViewDataColumn column, Int32 visibleIndex, IValueProvider row)
   at DevExpress.Web.Rendering.ASPxGridViewRenderHelper.AddDisplayControlToDataCell(Control cell, GridViewDataColumn column, Int32 visibleIndex, IValueProvider row)
   at DevExpress.Web.Rendering.GridViewTableDataCell.CreateControlHierarchy()
   at DevExpress.Web.Internal.InternalTableCell.CreateChildControls()
   at System.Web.UI.Control.EnsureChildControls()
   at DevExpress.Web.Internal.InternalTableCell.DevExpress.Web.Internal.IASPxWebControl.EnsureChildControls()
   at DevExpress.Web.Internal.RenderUtils.EnsureChildControlsRecursive(Control control, Predicate`1 skipControlCondition)
   at DevExpress.Web.Internal.RenderUtils.EnsureChildControlsRecursive(Control control, Predicate`1 skipControlCondition)
   at DevExpress.Web.Internal.RenderUtils.EnsureChildControlsRecursive(Control control, Predicate`1 skipControlCondition)
   at DevExpress.Web.Internal.RenderUtils.EnsureChildControlsRecursive(Control control, Predicate`1 skipControlCondition)
   at DevExpress.Web.Internal.RenderUtils.EnsureChildControlsRecursive(Control control, Boolean skipContentContainers)
   at DevExpress.Web.ASPxWebControlBase.EnsureChildControlsRecursive(Control control, Boolean skipContentContainers)
   at DevExpress.Web.ASPxWebControlBase.EnsureChildControlsRecursive(Control control)
   at DevExpress.Web.ASPxWebControlBase.CreateChildControls()
   at System.Web.UI.Control.EnsureChildControls()
   at DevExpress.Web.ASPxWebControlBase.EnsureChildControls()
   at DevExpress.Web.ASPxWebControlBase.DevExpress.Web.Internal.IASPxWebControl.EnsureChildControls()
   at DevExpress.Web.Internal.RenderUtils.EnsureChildControlsRecursive(Control control, Predicate`1 skipControlCondition)
   at DevExpress.Web.Internal.RenderUtils.EnsureChildControlsRecursive(Control control, Predicate`1 skipControlCondition)
   at DevExpress.Web.Internal.RenderUtils.EnsureChildControlsRecursive(Control control, Predicate`1 skipControlCondition)
   at DevExpress.Web.Internal.RenderUtils.EnsureChildControlsRecursive(Control control, Predicate`1 skipControlCondition)
   at DevExpress.Web.Internal.RenderUtils.EnsureChildControlsRecursive(Control control, Predicate`1 skipControlCondition)
   at DevExpress.Web.Internal.RenderUtils.EnsureChildControlsRecursive(Control control, Boolean skipContentContainers)
   at DevExpress.Web.ASPxWebControlBase.EnsureChildControlsRecursive(Control control, Boolean skipContentContainers)
   at DevExpress.Web.ASPxWebControlBase.EnsureChildControlsRecursive(Control control)
   at DevExpress.Web.ASPxWebControlBase.CreateChildControls()
   at DevExpress.Web.ASPxWebControl.CreateChildControls()
   at System.Web.UI.Control.EnsureChildControls()
   at DevExpress.Web.ASPxWebControlBase.EnsureChildControls()
   at DevExpress.Web.ASPxDataWebControlBase.DataBindInternal()
   at DevExpress.Web.ASPxWebControl.DataBind()
   at DevExpress.Web.ASPxGridView.DataBind()
   at DevExpress.Web.Internal.DataHelperBase.EnsureDataBound(Boolean ensureChildControls)
   at DevExpress.Web.Internal.DataContainer.EnsureDataBound()
   at DevExpress.Web.ASPxDataWebControlBase.OnPreRender(EventArgs e)
   at System.Web.UI.Control.PreRenderRecursiveInternal()
   at System.Web.UI.Control.PreRenderRecursiveInternal()
   at System.Web.UI.Control.PreRenderRecursiveInternal()
   at System.Web.UI.Control.PreRenderRecursiveInternal()
   at System.Web.UI.Control.PreRenderRecursiveInternal()
   at System.Web.UI.Control.PreRenderRecursiveInternal()
   at System.Web.UI.Control.PreRenderRecursiveInternal()
   at System.Web.UI.Control.PreRenderRecursiveInternal()
   at System.Web.UI.Control.PreRenderRecursiveInternal()
   at System.Web.UI.Control.PreRenderRecursiveInternal()
   at System.Web.UI.Control.PreRenderRecursiveInternal()
   at System.Web.UI.Control.PreRenderRecursiveInternal()
   at System.Web.UI.Control.PreRenderRecursiveInternal()
   at System.Web.UI.Control.PreRenderRecursiveInternal()
   at System.Web.UI.Control.PreRenderRecursiveInternal()
   at System.Web.UI.Control.PreRenderRecursiveInternal()
   at System.Web.UI.Control.PreRenderRecursiveInternal()
   at System.Web.UI.Control.PreRenderRecursiveInternal()
   at System.Web.UI.Page.ProcessRequestMain(Boolean includeStagesBeforeAsyncPoint, Boolean includeStagesAfterAsyncPoint)
   at System.Web.UI.Page.HandleError(Exception e)
   at System.Web.UI.Page.ProcessRequestMain(Boolean includeStagesBeforeAsyncPoint, Boolean includeStagesAfterAsyncPoint)
   at System.Web.UI.Page.ProcessRequest(Boolean includeStagesBeforeAsyncPoint, Boolean includeStagesAfterAsyncPoint)
   at System.Web.UI.Page.ProcessRequest()
   at System.Web.UI.Page.ProcessRequestWithNoAssert(HttpContext context)
   at System.Web.UI.Page.ProcessRequest(HttpContext context)
   at ASP.admin_users_aspx.ProcessRequest(HttpContext context) in c:\Users\agus\AppData\Local\Temp\Temporary ASP.NET Files\root\0f55e15c\cfe25812\App_Web_dthezgsr.4.cs:line 0
   at System.Web.HttpApplication.CallHandlerExecutionStep.System.Web.HttpApplication.IExecutionStep.Execute()
   at System.Web.HttpApplication.ExecuteStep(IExecutionStep step, Boolean& completedSynchronously)
2016-12-11 16:32:24.7660 ERROR The file '/AddUser.aspx' does not exist.
2016-12-11 16:33:52.9715 ERROR The file '/Users.aspx' does not exist.
